<?xml version="1.0" encoding="UTF-8"?>
<!-- Generated by org.testng.reporters.JUnitXMLReporter -->
<testsuite ignored="1" hostname="LAPTOP-SLPQU167" failures="0" tests="10" name="AllTestCases" time="0.192" errors="0" timestamp="2020-03-10T10:11:43 IST">
  <testcase classname="testNGPackage.Day1" name="Demo" time="0.028"/>
  <testcase classname="testNGPackage.Day1" name="Demo2" time="0.009"/>
  <testcase classname="testNGPackage.Day2" name="Demo3" time="0.002"/>
  <testcase classname="testNGPackage.Day3" name="Prjct1Regression2" time="0.003"/>
  <testcase classname="testNGPackage.Day3" name="Prjct4Regression5" time="0.009"/>
  <testcase classname="testNGPackage.Day3" name="Prjct3Regression4" time="0.002"/>
  <testcase classname="testNGPackage.Day3" name="Prjct1Regression1" time="0.002"/>
  <testcase classname="testNGPackage.Day4" name="Progression1" time="0.002"/>
  <testcase classname="testNGPackage.Day4" name="Progression2" time="0.005"/>
  <testcase classname="testNGPackage.Day4" name="Progression3" time="0.003"/>
  <testcase classname="testNGPackage.Day3" name="Prjct2Regression3" time="0.0">
    <ignored/>
  </testcase> <!-- Prjct2Regression3 -->
</testsuite> <!-- AllTestCases -->
