<?xml version="1.0" encoding="UTF-8"?>
<!-- Generated by org.testng.reporters.JUnitXMLReporter -->
<testsuite ignored="0" hostname="LAPTOP-SLPQU167" failures="0" tests="3" name="FunctionalTestModule" time="0.143" errors="0" timestamp="2020-03-09T00:11:24 IST">
  <testcase classname="testNGPackage.Day1" name="Demo" time="0.016"/>
  <testcase classname="testNGPackage.Day1" name="Demo2" time="0.0"/>
  <testcase classname="testNGPackage.Day2" name="Demo3" time="0.0"/>
</testsuite> <!-- FunctionalTestModule -->
