<?xml version="1.0" encoding="UTF-8"?>
<!-- Generated by org.testng.reporters.JUnitXMLReporter -->
<testsuite ignored="0" hostname="LAPTOP-SLPQU167" failures="0" tests="3" name="ProgressionTestCases" time="0.031" errors="0" timestamp="2020-03-10T14:08:16 IST">
  <testcase classname="testNGPackage.Day4" name="Progression1" time="0.0"/>
  <testcase classname="testNGPackage.Day4" name="Progression2" time="0.0"/>
  <testcase classname="testNGPackage.Day4" name="Progression3" time="0.0"/>
</testsuite> <!-- ProgressionTestCases -->
